2025-10-01 17:49:26 [scrapy.addons] INFO: Enabled addons:
[]
2025-10-01 17:49:26 [scrapy.extensions.telnet] INFO: Telnet Password: 3d1debeb89299bfb
2025-10-01 17:49:26 [scrapy.middleware] INFO: Enabled extensions:
['scrapy.extensions.corestats.CoreStats',
 'scrapy.extensions.telnet.TelnetConsole',
 'scrapy.extensions.memusage.MemoryUsage',
 'scrapy.extensions.feedexport.FeedExporter',
 'scrapy.extensions.logstats.LogStats',
 'scrapy.extensions.throttle.AutoThrottle']
2025-10-01 17:49:26 [scrapy.crawler] INFO: Overridden settings:
{'AUTOTHROTTLE_ENABLED': True,
 'BOT_NAME': 'IdealHome',
 'CONCURRENT_REQUESTS': 10,
 'CONCURRENT_REQUESTS_PER_DOMAIN': 10,
 'DOWNLOAD_DELAY': 2,
 'FEED_EXPORT_ENCODING': 'utf-8-sig',
 'FEED_EXPORT_FIELDS': ['create_at', 'apartment_name', 'floor', 'url'],
 'LOG_FILE': 'debug.log',
 'LOG_LEVEL': 'INFO',
 'LOG_STDOUT': True,
 'NEWSPIDER_MODULE': 'IdealHome.spiders',
 'ROBOTSTXT_OBEY': True,
 'SPIDER_MODULES': ['IdealHome.spiders'],
 'USER_AGENT': 'Mozilla/5.0 (Macintosh; Intel Mac OS X 10_15_7) '
               'AppleWebKit/537.36 (KHTML, like Gecko) Chrome/124.0.0.0 '
               'Safari/537.36'}
2025-10-01 17:49:26 [scrapy.middleware] INFO: Enabled downloader middlewares:
['scrapy.downloadermiddlewares.offsite.OffsiteMiddleware',
 'scrapy.downloadermiddlewares.robotstxt.RobotsTxtMiddleware',
 'scrapy.downloadermiddlewares.httpauth.HttpAuthMiddleware',
 'scrapy.downloadermiddlewares.downloadtimeout.DownloadTimeoutMiddleware',
 'scrapy.downloadermiddlewares.defaultheaders.DefaultHeadersMiddleware',
 'scrapy.downloadermiddlewares.useragent.UserAgentMiddleware',
 'scrapy.downloadermiddlewares.retry.RetryMiddleware',
 'scrapy.downloadermiddlewares.redirect.MetaRefreshMiddleware',
 'scrapy.downloadermiddlewares.httpcompression.HttpCompressionMiddleware',
 'scrapy.downloadermiddlewares.redirect.RedirectMiddleware',
 'scrapy.downloadermiddlewares.cookies.CookiesMiddleware',
 'scrapy.downloadermiddlewares.httpproxy.HttpProxyMiddleware',
 'scrapy.downloadermiddlewares.stats.DownloaderStats']
2025-10-01 17:49:26 [scrapy.middleware] INFO: Enabled spider middlewares:
['scrapy.spidermiddlewares.start.StartSpiderMiddleware',
 'scrapy.spidermiddlewares.httperror.HttpErrorMiddleware',
 'scrapy.spidermiddlewares.referer.RefererMiddleware',
 'scrapy.spidermiddlewares.urllength.UrlLengthMiddleware',
 'scrapy.spidermiddlewares.depth.DepthMiddleware']
2025-10-01 17:49:26 [scrapy.middleware] INFO: Enabled item pipelines:
[]
2025-10-01 17:49:26 [scrapy.core.engine] INFO: Spider opened
2025-10-01 17:49:26 [scrapy.extensions.logstats] INFO: Crawled 0 pages (at 0 pages/min), scraped 0 items (at 0 items/min)
2025-10-01 17:49:26 [scrapy.extensions.telnet] INFO: Telnet console listening on 127.0.0.1:6023
2025-10-01 17:49:26 [scrapy-playwright] INFO: Starting download handler
2025-10-01 17:49:26 [scrapy-playwright] INFO: Starting download handler
2025-10-01 17:49:34 [scrapy-playwright] INFO: Launching browser chromium
2025-10-01 17:49:34 [scrapy-playwright] INFO: Browser chromium launched
2025-10-01 17:49:41 [suumo] INFO: [LIST] cards=700 url=https://suumo.jp/jj/chintai/ichiran/FR301FC001/?ar=030&bs=040&ta=13&sc=13101&sc=13102&sc=13103&sc=13104&sc=13105&sc=13113&sc=13106&sc=13107&sc=13108&sc=13118&sc=13121&sc=13122&sc=13123&sc=13109&sc=13110&sc=13111&sc=13112&sc=13114&sc=13115&sc=13120&sc=13116&sc=13117&sc=13119&sc=13201&sc=13202&sc=13203&sc=13204&sc=13205&sc=13206&sc=13207&sc=13208&sc=13209&sc=13210&sc=13211&sc=13212&sc=13213&sc=13214&sc=13215&sc=13218&sc=13219&sc=13220&sc=13221&sc=13222&sc=13223&sc=13224&sc=13225&sc=13227&sc=13228&sc=13229&sc=13300&cb=0.0&ct=9999999&mb=0&mt=9999999&et=9999999&cn=9999999&shkr1=03&shkr2=03&shkr3=03&shkr4=03&sngz=&po1=09&pc=50
2025-10-01 17:49:41 [scrapy.core.engine] INFO: Closing spider (finished)
2025-10-01 17:49:41 [scrapy.extensions.feedexport] INFO: Stored csv feed (152 items) in: test_1.csv
2025-10-01 17:49:41 [scrapy.statscollectors] INFO: Dumping Scrapy stats:
{'downloader/request_bytes': 1251,
 'downloader/request_count': 2,
 'downloader/request_method_count/GET': 2,
 'downloader/response_bytes': 1002172,
 'downloader/response_count': 2,
 'downloader/response_status_count/200': 2,
 'elapsed_time_seconds': 14.799125,
 'feedexport/success_count/FileFeedStorage': 1,
 'finish_reason': 'finished',
 'finish_time': datetime.datetime(2025, 10, 1, 8, 49, 41, 622887, tzinfo=datetime.timezone.utc),
 'httpcompression/response_bytes': 15438,
 'httpcompression/response_count': 1,
 'item_scraped_count': 152,
 'items_per_minute': 651.4285714285714,
 'log_count/INFO': 16,
 'memusage/max': 76709888,
 'memusage/startup': 76709888,
 'playwright/browser_count': 1,
 'playwright/context_count': 1,
 'playwright/context_count/max_concurrent': 1,
 'playwright/context_count/persistent/False': 1,
 'playwright/context_count/remote/False': 1,
 'playwright/page_count': 1,
 'playwright/page_count/closed': 1,
 'playwright/page_count/max_concurrent': 1,
 'playwright/request_count': 89,
 'playwright/request_count/method/GET': 86,
 'playwright/request_count/method/POST': 3,
 'playwright/request_count/navigation': 2,
 'playwright/request_count/resource_type/document': 2,
 'playwright/request_count/resource_type/fetch': 1,
 'playwright/request_count/resource_type/image': 37,
 'playwright/request_count/resource_type/script': 40,
 'playwright/request_count/resource_type/stylesheet': 2,
 'playwright/request_count/resource_type/xhr': 7,
 'playwright/response_count': 64,
 'playwright/response_count/method/GET': 63,
 'playwright/response_count/method/POST': 1,
 'playwright/response_count/resource_type/document': 1,
 'playwright/response_count/resource_type/image': 37,
 'playwright/response_count/resource_type/script': 18,
 'playwright/response_count/resource_type/stylesheet': 2,
 'playwright/response_count/resource_type/xhr': 6,
 'response_received_count': 2,
 'responses_per_minute': 8.571428571428571,
 'robotstxt/request_count': 1,
 'robotstxt/response_count': 1,
 'robotstxt/response_status_count/200': 1,
 'scheduler/dequeued': 1,
 'scheduler/dequeued/memory': 1,
 'scheduler/enqueued': 1,
 'scheduler/enqueued/memory': 1,
 'start_time': datetime.datetime(2025, 10, 1, 8, 49, 26, 823762, tzinfo=datetime.timezone.utc)}
2025-10-01 17:49:41 [scrapy.core.engine] INFO: Spider closed (finished)
2025-10-01 17:49:41 [scrapy-playwright] INFO: Closing download handler
2025-10-01 17:49:41 [scrapy-playwright] INFO: Closing download handler
2025-10-01 17:49:41 [scrapy-playwright] INFO: Closing browser
